make.exe all --print-data-base --no-builtin-variables --no-builtin-rules --question
Makefile:6: *** missing separator.  Stop.

# GNU Make 4.3
# Built for Windows32
# Copyright (C) 1988-2020 Free Software Foundation, Inc.
# License GPLv3+: GNU GPL version 3 or later <http://gnu.org/licenses/gpl.html>
# This is free software: you are free to change and redistribute it.
# There is NO WARRANTY, to the extent permitted by law.

# Make data base, printed on Fri May 06 11:31:39 2022

# Variables

# environment
FPS_BROWSER_APP_PROFILE_STRING = Internet Explorer
# environment
SYSTEMDRIVE = C:
# makefile (from 'Makefile', line 1)
OBJ = main.o
# environment
GHCUP_INSTALL_BASE_PREFIX = C:\
# environment
LC_ALL = C
# environment
USERPROFILE = C:\Users\Bluesang
# environment
LOCALAPPDATA = C:\Users\Bluesang\AppData\Local
# environment
VSCODE_IPC_HOOK_EXTHOST = \\.\pipe\vscode-ipc-7e9218a4-54a0-4e1c-81e0-9223b2832507-sock
# environment
VSCODE_CWD = C:\Users\Bluesang\AppData\Local\Programs\Microsoft VS Code
# environment
SYSTEMROOT = C:\Windows
# environment
PROCESSOR_LEVEL = 6
# environment
PSMODULEPATH = C:\Program Files\WindowsPowerShell\Modules;C:\Windows\system32\WindowsPowerShell\v1.0\Modules
# default
MAKE_COMMAND := make.exe
# automatic
@D = $(patsubst %/,%,$(patsubst %\,%,$(dir $@)))
# environment
CHROME_CRASHPAD_PIPE_NAME = \\.\pipe\crashpad_13288_SIKIGSUKGELJCPZG
# environment
FPS_BROWSER_USER_PROFILE_STRING = Default
# environment
VSCODE_HANDLES_UNCAUGHT_ERRORS = true
# default
.VARIABLES := 
# automatic
%D = $(patsubst %/,%,$(patsubst %\,%,$(dir $%)))
# automatic
^D = $(patsubst %/,%,$(patsubst %\,%,$(dir $^)))
# environment
VSCODE_LOG_STACK = false
# automatic
%F = $(notdir $%)
# environment
VSCODE_CODE_CACHE_PATH = C:\Users\Bluesang\AppData\Roaming\Code\CachedData\57fd6d0195bb9b9d1b49f6da5db789060795de47
# environment
LANG = C
# default
.LOADED := 
# environment
TMP = C:\Users\Bluesang\AppData\Local\Temp
# default
.INCLUDE_DIRS = .
# makefile
MAKEFLAGS = pqrR
# environment
ONEDRIVE = C:\Users\Bluesang\OneDrive
# makefile
CURDIR := c:/Users/Bluesang/OneDrive - University of Illinois - Urbana/Desktop/raytracing/raytracingNow
# environment
VSCODE_PIPE_LOGGING = true
# environment
APPLICATION_INSIGHTS_NO_DIAGNOSTIC_CHANNEL = 1
# automatic
*D = $(patsubst %/,%,$(patsubst %\,%,$(dir $*)))
# environment
PROGRAMFILES = C:\Program Files
# environment
MFLAGS = -pqrR
# default
.SHELLFLAGS := -c
# environment
COMMONPROGRAMW6432 = C:\Program Files\Common Files
# automatic
+D = $(patsubst %/,%,$(patsubst %\,%,$(dir $+)))
# makefile (from 'Makefile', line 1)
MAKEFILE_LIST := Makefile
# automatic
@F = $(notdir $@)
# environment
VSCODE_VERBOSE_LOGGING = true
# environment
VSCODE_PID = 13288
# environment
CUDA_PATH = C:\Program Files\NVIDIA GPU Computing Toolkit\CUDA\v11.6
# automatic
?D = $(patsubst %/,%,$(patsubst %\,%,$(dir $?)))
# automatic
*F = $(notdir $*)
# automatic
<D = $(patsubst %/,%,$(patsubst %\,%,$(dir $<)))
# environment
VSCODE_NLS_CONFIG = {"locale":"en-us","availableLanguages":{},"_languagePackSupport":true}
# default
MAKE_HOST := Windows32
# environment
PROGRAMDATA = C:\ProgramData
# default
SHELL := sh.exe
# environment
HOMEPATH = \Users\Bluesang
# default
MAKECMDGOALS := all
# environment
DRIVERDATA = C:\Windows\System32\Drivers\DriverData
# environment
COMSPEC = C:\Windows\system32\cmd.exe
# environment
WINDIR = C:\Windows
# environment
MAKELEVEL := 0
# default
MAKE = $(MAKE_COMMAND)
# environment
PATH = C:\Program Files\NVIDIA GPU Computing Toolkit\CUDA\v11.6\bin;C:\Program Files\NVIDIA GPU Computing Toolkit\CUDA\v11.6\libnvvp;C:\Windows\system32;C:\Windows;C:\Windows\System32\Wbem;C:\Windows\System32\WindowsPowerShell\v1.0\;C:\Windows\System32\OpenSSH\;C:\Program Files\NVIDIA Corporation\NVIDIA NvDLISR;C:\Program Files (x86)\NVIDIA Corporation\PhysX\Common;C:\Program Files\Git\cmd;C:\Program Files\nodejs\;C:\Program Files\NVIDIA Corporation\Nsight Compute 2022.1.1\;C:\Program Files\dotnet\;C:\Program Files\MySQL\MySQL Shell 8.0\bin\;C:\Users\Bluesang\AppData\Roaming\local\bin;C:\Users\Bluesang\AppData\Local\Microsoft\WindowsApps;C:\Users\Bluesang\AppData\Local\Programs\Microsoft VS Code\bin;C:\Users\Bluesang\AppData\Roaming\npm;C:\ghcup\bin;C:\Program Files\heroku\bin;C:\Program Files\MongoDB\Server\5.0\bin;C:\pythonInWindows\Scripts;C:\Users\Bluesang\AppData\Local\GitHubDesktop\bin;C:\MinGW\bin;C:\Users\Bluesang\.dotnet\tools
# environment
ZES_ENABLE_SYSMAN = 1
# environment
COMPUTERNAME = DESKTOP-APB22FK
# default
MAKEFILES := 
# automatic
^F = $(notdir $^)
# environment
PROMPT = $P$G
# environment
NVTOOLSEXT_PATH = C:\Program Files\NVIDIA Corporation\NvToolsExt\
# environment
LOGONSERVER = \\DESKTOP-APB22FK
# environment
VSCODE_LOG_NATIVE = false
# environment
USERNAME = Bluesang
# environment
COMMONPROGRAMFILES = C:\Program Files\Common Files
# automatic
?F = $(notdir $?)
# makefile (from 'Makefile', line 2)
INC = -I "./"
# environment
PROGRAMW6432 = C:\Program Files
# environment
PATHEXT = .COM;.EXE;.BAT;.CMD;.VBS;.VBE;.JS;.JSE;.WSF;.WSH;.MSC
# automatic
+F = $(notdir $+)
# environment
ORIGINAL_XDG_CURRENT_DESKTOP = undefined
# environment
USERDOMAIN = DESKTOP-APB22FK
# environment
GNUMAKEFLAGS := 
# environment
OS = Windows_NT
# environment
CUDA_PATH_V11_6 = C:\Program Files\NVIDIA GPU Computing Toolkit\CUDA\v11.6
# makefile
.DEFAULT_GOAL := Rasterrain
# default
MAKE_VERSION := 4.3
# environment
PROGRAMFILES(X86) = C:\Program Files (x86)
# environment
USERDOMAIN_ROAMINGPROFILE = DESKTOP-APB22FK
# environment
NUMBER_OF_PROCESSORS = 12
# environment
PUBLIC = C:\Users\Public
# environment
ASL.LOG = Destination=file
# environment
APPDATA = C:\Users\Bluesang\AppData\Roaming
# environment
HOMEDRIVE = C:
# environment
PROCESSOR_ARCHITECTURE = AMD64
# environment
STACK_ROOT = C:\sr
# environment
VSCODE_AMD_ENTRYPOINT = vs/workbench/api/node/extensionHostProcess
# environment
COMMONPROGRAMFILES(X86) = C:\Program Files (x86)\Common Files
# environment
ELECTRON_RUN_AS_NODE = 1
# environment
TEMP = C:\Users\Bluesang\AppData\Local\Temp
# environment
VSCODE_IPC_HOOK = \\.\pipe\6006202a3ed774fa5a567b1b9f6dcbdd-1.67.0-main-sock
# default
.RECIPEPREFIX := 
# automatic
<F = $(notdir $<)
# default
SUFFIXES := 
# environment
ALLUSERSPROFILE = C:\ProgramData
# environment
CABAL_DIR = C:\cabal
# environment
SESSIONNAME = Console
# default
.FEATURES := target-specific order-only second-expansion else-if shortest-stem undefine oneshell nocomment grouped-target extra-prereqs archives jobserver output-sync load
# environment
PROCESSOR_REVISION = a503
# environment
PROCESSOR_IDENTIFIER = Intel64 Family 6 Model 165 Stepping 3, GenuineIntel
# variable set hash-table stats:
# Load=103/1024=10%, Rehash=0, Collisions=7/115=6%

# Pattern-specific Variable Values

# No pattern-specific variable values.

# Directories

# . (key c:/Users/Bluesang/OneDrive - University of Illinois - Urbana/Desktop/raytracing/raytracingNow, mtime 1651854688): 20 files, no impossibilities.

# 20 files, no impossibilities in 1 directories.

# Implicit Rules

# No implicit rules.

# Files

Rasterrain: main.o
#  Implicit rule search has not been done.
#  Modification time never checked.
#  File has not been updated.
#  recipe to execute (from 'Makefile', line 5):
	g++ $(OBJ) -o Raytrace.exe

# Not a target:
Makefile:
#  Implicit rule search has not been done.
#  Modification time never checked.
#  File has not been updated.

# Not a target:
.DEFAULT:
#  Implicit rule search has not been done.
#  Modification time never checked.
#  File has not been updated.

# Not a target:
all:
#  Command line target.
#  Implicit rule search has not been done.
#  Modification time never checked.
#  File has not been updated.

# Not a target:
main.o:
#  Implicit rule search has not been done.
#  Modification time never checked.
#  File has not been updated.

# files hash-table stats:
# Load=6/1024=1%, Rehash=0, Collisions=0/8=0%
# VPATH Search Paths

# No 'vpath' search paths.

# No general ('VPATH' variable) search path.

# strcache buffers: 1 (0) / strings = 25 / storage = 201 B / avg = 8 B
# current buf: size = 8162 B / used = 201 B / count = 25 / avg = 8 B

# strcache performance: lookups = 30 / hit rate = 16%
# hash-table stats:
# Load=25/8192=0%, Rehash=0, Collisions=0/30=0%
# Finished Make data base on Fri May 06 11:31:39 2022

 
